10, 28, 2018 (17:20:29): Opening rpy file C:\Program Files (x86)\IBM\Rational\Rhapsody Modeler\7.5\Share\Properties\PredefinedTypes.sbs
10, 28, 2018 (17:20:29): 
 Started loading C:\Program Files (x86)\IBM\Rational\Rhapsody Modeler\7.5\Share\Properties\PredefinedTypes.sbs on Sunday, October 28, 2018 (17:20:29).-

10, 28, 2018 (17:20:29): 

Starting inUnit resolution phase


10, 28, 2018 (17:20:29): 

Finished inUnit resolution phase


10, 28, 2018 (17:20:29): 
 Finished loading C:\Program Files (x86)\IBM\Rational\Rhapsody Modeler\7.5\Share\Properties\PredefinedTypes.sbs on Sunday, October 28, 2018 (17:20:29).-

10, 28, 2018 (17:20:29): Opening rpy file C:\Program Files (x86)\IBM\Rational\Rhapsody Modeler\7.5\Share\Properties\PredefinedTypesC++.sbs
10, 28, 2018 (17:20:29): 
 Started loading C:\Program Files (x86)\IBM\Rational\Rhapsody Modeler\7.5\Share\Properties\PredefinedTypesC++.sbs on Sunday, October 28, 2018 (17:20:29).-

10, 28, 2018 (17:20:29): 

Starting inUnit resolution phase


10, 28, 2018 (17:20:29): 

Finished inUnit resolution phase


10, 28, 2018 (17:20:29): 
 Finished loading C:\Program Files (x86)\IBM\Rational\Rhapsody Modeler\7.5\Share\Properties\PredefinedTypesC++.sbs on Sunday, October 28, 2018 (17:20:29).-

10, 28, 2018 (17:20:29): Opening rpy file C:\Users\sdean\Desktop\CSC 440\Team Project\UseCaseCSC440\UseCaseCSC440.rpy
10, 28, 2018 (17:20:29): 
 Started loading C:\Users\sdean\Desktop\CSC 440\Team Project\UseCaseCSC440\UseCaseCSC440.rpy on Sunday, October 28, 2018 (17:20:29).-

10, 28, 2018 (17:20:29): Opening rpy file C:\Users\sdean\Desktop\CSC 440\Team Project\UseCaseCSC440\UseCaseCSC440_rpy\Default.sbs
10, 28, 2018 (17:20:29): 
 Started loading C:\Users\sdean\Desktop\CSC 440\Team Project\UseCaseCSC440\UseCaseCSC440_rpy\Default.sbs on Sunday, October 28, 2018 (17:20:29).-

10, 28, 2018 (17:20:29): 

Starting inUnit resolution phase


10, 28, 2018 (17:20:29): 

Finished inUnit resolution phase


10, 28, 2018 (17:20:29): 
 Finished loading C:\Users\sdean\Desktop\CSC 440\Team Project\UseCaseCSC440\UseCaseCSC440_rpy\Default.sbs on Sunday, October 28, 2018 (17:20:29).-

10, 28, 2018 (17:20:29): Opening rpy file C:\Users\sdean\Desktop\CSC 440\Team Project\UseCaseCSC440\UseCaseCSC440_rpy\GitOut.sbs
10, 28, 2018 (17:20:29): 
 Started loading C:\Users\sdean\Desktop\CSC 440\Team Project\UseCaseCSC440\UseCaseCSC440_rpy\GitOut.sbs on Sunday, October 28, 2018 (17:20:29).-

10, 28, 2018 (17:20:29): 

Starting inUnit resolution phase


10, 28, 2018 (17:20:29): 

Finished inUnit resolution phase


10, 28, 2018 (17:20:29): 
 Finished loading C:\Users\sdean\Desktop\CSC 440\Team Project\UseCaseCSC440\UseCaseCSC440_rpy\GitOut.sbs on Sunday, October 28, 2018 (17:20:29).-

10, 28, 2018 (17:20:29): Opening rpy file C:\Users\sdean\Desktop\CSC 440\Team Project\UseCaseCSC440\UseCaseCSC440_rpy\package_8.sbs
10, 28, 2018 (17:20:29): 
 Started loading C:\Users\sdean\Desktop\CSC 440\Team Project\UseCaseCSC440\UseCaseCSC440_rpy\package_8.sbs on Sunday, October 28, 2018 (17:20:29).-

10, 28, 2018 (17:20:29): 

Starting inUnit resolution phase


10, 28, 2018 (17:20:29): 

Finished inUnit resolution phase


10, 28, 2018 (17:20:29): 
 Finished loading C:\Users\sdean\Desktop\CSC 440\Team Project\UseCaseCSC440\UseCaseCSC440_rpy\package_8.sbs on Sunday, October 28, 2018 (17:20:29).-

10, 28, 2018 (17:20:29): Opening rpy file C:\Users\sdean\Desktop\CSC 440\Team Project\UseCaseCSC440\UseCaseCSC440_rpy\DefaultComponent.cmp
10, 28, 2018 (17:20:29): 
 Started loading C:\Users\sdean\Desktop\CSC 440\Team Project\UseCaseCSC440\UseCaseCSC440_rpy\DefaultComponent.cmp on Sunday, October 28, 2018 (17:20:29).-

10, 28, 2018 (17:20:29): 

Starting inUnit resolution phase


10, 28, 2018 (17:20:29): 

Finished inUnit resolution phase


10, 28, 2018 (17:20:29): 
 Finished loading C:\Users\sdean\Desktop\CSC 440\Team Project\UseCaseCSC440\UseCaseCSC440_rpy\DefaultComponent.cmp on Sunday, October 28, 2018 (17:20:29).-

10, 28, 2018 (17:20:29): 

Starting inUnit resolution phase


10, 28, 2018 (17:20:29): 

Finished inUnit resolution phase


10, 28, 2018 (17:20:29): 

Starting inUnit resolution phase


10, 28, 2018 (17:20:29): 

Finished inUnit resolution phase


10, 28, 2018 (17:20:29): 

Starting inUnit resolution phase


10, 28, 2018 (17:20:29): 

Finished inUnit resolution phase


10, 28, 2018 (17:20:29): 
 Finished loading C:\Users\sdean\Desktop\CSC 440\Team Project\UseCaseCSC440\UseCaseCSC440.rpy on Sunday, October 28, 2018 (17:20:29).-

10, 28, 2018 (17:20:29): Starting checks of EventsBaseID conflicts
10, 28, 2018 (17:20:29): Finished checks of EventsBaseID conflicts
10, 28, 2018 (17:20:29): End Log
