10, 24, 2018 (16:45:42): Starting Pre-Save actions

10, 24, 2018 (16:45:42): Starting Dialogs Check/Save
10, 24, 2018 (16:45:42): Finished Dialogs Check/Save
10, 24, 2018 (16:45:42): Starting Controlled Files Resolution
10, 24, 2018 (16:45:42): Finished Controlled Files Resolution
10, 24, 2018 (16:45:42): Finished Pre-Save actions

10, 24, 2018 (16:45:42): Creating C:\Users\EKUStudent\Desktop\UseCaseCSC440\UseCaseCSC440.rpy
10, 24, 2018 (16:45:42): 
Started writing C:\Users\EKUStudent\Desktop\UseCaseCSC440\UseCaseCSC440.rpy on Wednesday, October 24, 2018 (16:45:42)

10, 24, 2018 (16:45:42): version 8.5.2
10, 24, 2018 (16:45:42): 
Started writing C:\Users\EKUStudent\Desktop\UseCaseCSC440\UseCaseCSC440_rpy\filesTable.dat on Wednesday, October 24, 2018 (16:45:42)

10, 24, 2018 (16:45:42): Finished writing C:\Users\EKUStudent\Desktop\UseCaseCSC440\UseCaseCSC440_rpy\filesTable.dat on Wednesday, October 24, 2018 (16:45:42)

10, 24, 2018 (16:45:42): Creating C:\Users\EKUStudent\Desktop\UseCaseCSC440\UseCaseCSC440_rpy\Default.sbs
10, 24, 2018 (16:45:42): 
Started writing C:\Users\EKUStudent\Desktop\UseCaseCSC440\UseCaseCSC440_rpy\Default.sbs on Wednesday, October 24, 2018 (16:45:42)

10, 24, 2018 (16:45:42): version 8.5.2
10, 24, 2018 (16:45:42): Finished writing C:\Users\EKUStudent\Desktop\UseCaseCSC440\UseCaseCSC440_rpy\Default.sbs on Wednesday, October 24, 2018 (16:45:42)

10, 24, 2018 (16:45:42): Finished writing C:\Users\EKUStudent\Desktop\UseCaseCSC440\UseCaseCSC440.rpy on Wednesday, October 24, 2018 (16:45:42)

10, 24, 2018 (16:45:42): End Log
