09, 30, 2018 (16:05:21): Opening rpy file C:\Program Files (x86)\IBM\Rational\Rhapsody Modeler\7.5\Share\Properties\PredefinedTypes.sbs
09, 30, 2018 (16:05:21): 
 Started loading C:\Program Files (x86)\IBM\Rational\Rhapsody Modeler\7.5\Share\Properties\PredefinedTypes.sbs on Sunday, September 30, 2018 (16:05:21).-

09, 30, 2018 (16:05:21): 

Starting inUnit resolution phase


09, 30, 2018 (16:05:21): 

Finished inUnit resolution phase


09, 30, 2018 (16:05:21): 
 Finished loading C:\Program Files (x86)\IBM\Rational\Rhapsody Modeler\7.5\Share\Properties\PredefinedTypes.sbs on Sunday, September 30, 2018 (16:05:21).-

09, 30, 2018 (16:05:21): Opening rpy file C:\Program Files (x86)\IBM\Rational\Rhapsody Modeler\7.5\Share\Properties\PredefinedTypesC++.sbs
09, 30, 2018 (16:05:22): 
 Started loading C:\Program Files (x86)\IBM\Rational\Rhapsody Modeler\7.5\Share\Properties\PredefinedTypesC++.sbs on Sunday, September 30, 2018 (16:05:22).-

09, 30, 2018 (16:05:22): 

Starting inUnit resolution phase


09, 30, 2018 (16:05:22): 

Finished inUnit resolution phase


09, 30, 2018 (16:05:22): 
 Finished loading C:\Program Files (x86)\IBM\Rational\Rhapsody Modeler\7.5\Share\Properties\PredefinedTypesC++.sbs on Sunday, September 30, 2018 (16:05:22).-

09, 30, 2018 (16:05:22): Opening rpy file C:\Users\sdean\Desktop\DomainDiagramCSC440\DomainDiagramCSC440_auto_rpy\DomainDiagramCSC440.rpy
09, 30, 2018 (16:05:22): 
 Started loading C:\Users\sdean\Desktop\DomainDiagramCSC440\DomainDiagramCSC440_auto_rpy\DomainDiagramCSC440.rpy on Sunday, September 30, 2018 (16:05:22).-

09, 30, 2018 (16:05:22): Opening rpy file C:\Users\sdean\Desktop\DomainDiagramCSC440\DomainDiagramCSC440_auto_rpy\Default.sbs
09, 30, 2018 (16:05:22): 
 Started loading C:\Users\sdean\Desktop\DomainDiagramCSC440\DomainDiagramCSC440_auto_rpy\Default.sbs on Sunday, September 30, 2018 (16:05:22).-

09, 30, 2018 (16:05:22): 

Starting inUnit resolution phase


09, 30, 2018 (16:05:22): 

Finished inUnit resolution phase


09, 30, 2018 (16:05:22): 
 Finished loading C:\Users\sdean\Desktop\DomainDiagramCSC440\DomainDiagramCSC440_auto_rpy\Default.sbs on Sunday, September 30, 2018 (16:05:22).-

09, 30, 2018 (16:05:22): Opening rpy file C:\Users\sdean\Desktop\DomainDiagramCSC440\DomainDiagramCSC440_rpy\DefaultComponent.cmp
09, 30, 2018 (16:05:22): 
 Started loading C:\Users\sdean\Desktop\DomainDiagramCSC440\DomainDiagramCSC440_rpy\DefaultComponent.cmp on Sunday, September 30, 2018 (16:05:22).-

09, 30, 2018 (16:05:22): 

Starting inUnit resolution phase


09, 30, 2018 (16:05:22): 

Finished inUnit resolution phase


09, 30, 2018 (16:05:22): 
 Finished loading C:\Users\sdean\Desktop\DomainDiagramCSC440\DomainDiagramCSC440_rpy\DefaultComponent.cmp on Sunday, September 30, 2018 (16:05:22).-

09, 30, 2018 (16:05:22): 

Starting inUnit resolution phase


09, 30, 2018 (16:05:22): 

Finished inUnit resolution phase


09, 30, 2018 (16:05:22): 

Starting inUnit resolution phase


09, 30, 2018 (16:05:22): 

Finished inUnit resolution phase


09, 30, 2018 (16:05:22): 

Starting inUnit resolution phase


09, 30, 2018 (16:05:22): 

Finished inUnit resolution phase


09, 30, 2018 (16:05:22): 
 Finished loading C:\Users\sdean\Desktop\DomainDiagramCSC440\DomainDiagramCSC440_auto_rpy\DomainDiagramCSC440.rpy on Sunday, September 30, 2018 (16:05:22).-

09, 30, 2018 (16:05:22): Starting checks of EventsBaseID conflicts
09, 30, 2018 (16:05:22): Finished checks of EventsBaseID conflicts
09, 30, 2018 (16:05:22): End Log
