09, 30, 2018 (16:09:22): Starting Pre-Save actions

09, 30, 2018 (16:09:22): Starting Dialogs Check/Save
09, 30, 2018 (16:09:22): Finished Dialogs Check/Save
09, 30, 2018 (16:09:22): Starting Controlled Files Resolution
09, 30, 2018 (16:09:22): Finished Controlled Files Resolution
09, 30, 2018 (16:09:22): Finished Pre-Save actions

09, 30, 2018 (16:09:22): Creating C:\Users\sdean\Desktop\DomainDiagramCSC440\DomainDiagramCSC440.rpy
09, 30, 2018 (16:09:22): 
Started writing C:\Users\sdean\Desktop\DomainDiagramCSC440\DomainDiagramCSC440.rpy on Sunday, September 30, 2018 (16:09:22)

09, 30, 2018 (16:09:22): version 8.5.2
09, 30, 2018 (16:09:22): 
Started writing C:\Users\sdean\Desktop\DomainDiagramCSC440\DomainDiagramCSC440_rpy\filesTable.dat on Sunday, September 30, 2018 (16:09:22)

09, 30, 2018 (16:09:22): Finished writing C:\Users\sdean\Desktop\DomainDiagramCSC440\DomainDiagramCSC440_rpy\filesTable.dat on Sunday, September 30, 2018 (16:09:22)

09, 30, 2018 (16:09:22): Creating C:\Users\sdean\Desktop\DomainDiagramCSC440\DomainDiagramCSC440_rpy\Default.sbs
09, 30, 2018 (16:09:22): 
Started writing C:\Users\sdean\Desktop\DomainDiagramCSC440\DomainDiagramCSC440_rpy\Default.sbs on Sunday, September 30, 2018 (16:09:22)

09, 30, 2018 (16:09:22): version 8.5.2
09, 30, 2018 (16:09:22): Finished writing C:\Users\sdean\Desktop\DomainDiagramCSC440\DomainDiagramCSC440_rpy\Default.sbs on Sunday, September 30, 2018 (16:09:22)

09, 30, 2018 (16:09:22): Creating C:\Users\sdean\Desktop\DomainDiagramCSC440\DomainDiagramCSC440_rpy\DefaultComponent.cmp
09, 30, 2018 (16:09:22): 
Started writing C:\Users\sdean\Desktop\DomainDiagramCSC440\DomainDiagramCSC440_rpy\DefaultComponent.cmp on Sunday, September 30, 2018 (16:09:22)

09, 30, 2018 (16:09:22): version 8.5.2
09, 30, 2018 (16:09:22): Finished writing C:\Users\sdean\Desktop\DomainDiagramCSC440\DomainDiagramCSC440_rpy\DefaultComponent.cmp on Sunday, September 30, 2018 (16:09:22)

09, 30, 2018 (16:09:22): Finished writing C:\Users\sdean\Desktop\DomainDiagramCSC440\DomainDiagramCSC440.rpy on Sunday, September 30, 2018 (16:09:22)

09, 30, 2018 (16:09:22): End Log
