11, 07, 2018 (15:50:29): Opening rpy file C:\Program Files (x86)\IBM\Rational\Rhapsody Modeler\7.5\Share\Properties\PredefinedTypes.sbs
11, 07, 2018 (15:50:29): 
 Started loading C:\Program Files (x86)\IBM\Rational\Rhapsody Modeler\7.5\Share\Properties\PredefinedTypes.sbs on Wednesday, November 07, 2018 (15:50:29).-

11, 07, 2018 (15:50:29): 

Starting inUnit resolution phase


11, 07, 2018 (15:50:29): 

Finished inUnit resolution phase


11, 07, 2018 (15:50:29): 
 Finished loading C:\Program Files (x86)\IBM\Rational\Rhapsody Modeler\7.5\Share\Properties\PredefinedTypes.sbs on Wednesday, November 07, 2018 (15:50:29).-

11, 07, 2018 (15:50:29): Opening rpy file C:\Program Files (x86)\IBM\Rational\Rhapsody Modeler\7.5\Share\Properties\PredefinedTypesC++.sbs
11, 07, 2018 (15:50:29): 
 Started loading C:\Program Files (x86)\IBM\Rational\Rhapsody Modeler\7.5\Share\Properties\PredefinedTypesC++.sbs on Wednesday, November 07, 2018 (15:50:29).-

11, 07, 2018 (15:50:29): 

Starting inUnit resolution phase


11, 07, 2018 (15:50:29): 

Finished inUnit resolution phase


11, 07, 2018 (15:50:29): 
 Finished loading C:\Program Files (x86)\IBM\Rational\Rhapsody Modeler\7.5\Share\Properties\PredefinedTypesC++.sbs on Wednesday, November 07, 2018 (15:50:29).-

11, 07, 2018 (15:50:29): Opening rpy file C:\Users\EKUStudent\Desktop\ActivityDiagram\ActivityDiagram.rpy
11, 07, 2018 (15:50:29): 
 Started loading C:\Users\EKUStudent\Desktop\ActivityDiagram\ActivityDiagram.rpy on Wednesday, November 07, 2018 (15:50:29).-

11, 07, 2018 (15:50:29): Opening rpy file C:\Users\EKUStudent\Desktop\ActivityDiagram\ActivityDiagram_rpy\Default.sbs
11, 07, 2018 (15:50:29): 
 Started loading C:\Users\EKUStudent\Desktop\ActivityDiagram\ActivityDiagram_rpy\Default.sbs on Wednesday, November 07, 2018 (15:50:29).-

11, 07, 2018 (15:50:29): 

Starting inUnit resolution phase


11, 07, 2018 (15:50:29): 

Finished inUnit resolution phase


11, 07, 2018 (15:50:29): 
 Finished loading C:\Users\EKUStudent\Desktop\ActivityDiagram\ActivityDiagram_rpy\Default.sbs on Wednesday, November 07, 2018 (15:50:29).-

11, 07, 2018 (15:50:29): Opening rpy file C:\Users\EKUStudent\Desktop\ActivityDiagram\ActivityDiagram_rpy\DefaultComponent.cmp
11, 07, 2018 (15:50:29): 
 Started loading C:\Users\EKUStudent\Desktop\ActivityDiagram\ActivityDiagram_rpy\DefaultComponent.cmp on Wednesday, November 07, 2018 (15:50:29).-

11, 07, 2018 (15:50:29): 

Starting inUnit resolution phase


11, 07, 2018 (15:50:29): 

Finished inUnit resolution phase


11, 07, 2018 (15:50:30): 
 Finished loading C:\Users\EKUStudent\Desktop\ActivityDiagram\ActivityDiagram_rpy\DefaultComponent.cmp on Wednesday, November 07, 2018 (15:50:30).-

11, 07, 2018 (15:50:30): 

Starting inUnit resolution phase


11, 07, 2018 (15:50:30): 

Finished inUnit resolution phase


11, 07, 2018 (15:50:30): 

Starting inUnit resolution phase


11, 07, 2018 (15:50:30): 

Finished inUnit resolution phase


11, 07, 2018 (15:50:30): 

Starting inUnit resolution phase


11, 07, 2018 (15:50:30): 

Finished inUnit resolution phase


11, 07, 2018 (15:50:30): 
 Finished loading C:\Users\EKUStudent\Desktop\ActivityDiagram\ActivityDiagram.rpy on Wednesday, November 07, 2018 (15:50:30).-

11, 07, 2018 (15:50:30): Starting checks of EventsBaseID conflicts
11, 07, 2018 (15:50:30): Finished checks of EventsBaseID conflicts
11, 07, 2018 (15:50:30): End Log
