11, 07, 2018 (16:42:23): Starting Pre-Save actions

11, 07, 2018 (16:42:23): Starting Dialogs Check/Save
11, 07, 2018 (16:42:23): Finished Dialogs Check/Save
11, 07, 2018 (16:42:23): Starting Controlled Files Resolution
11, 07, 2018 (16:42:23): Finished Controlled Files Resolution
11, 07, 2018 (16:42:23): Finished Pre-Save actions

11, 07, 2018 (16:42:23): Creating C:\Users\EKUStudent\Desktop\ActivityDiagram\ActivityDiagram.rpy
11, 07, 2018 (16:42:23): 
Started writing C:\Users\EKUStudent\Desktop\ActivityDiagram\ActivityDiagram.rpy on Wednesday, November 07, 2018 (16:42:23)

11, 07, 2018 (16:42:23): version 8.5.2
11, 07, 2018 (16:42:23): 
Started writing C:\Users\EKUStudent\Desktop\ActivityDiagram\ActivityDiagram_rpy\filesTable.dat on Wednesday, November 07, 2018 (16:42:23)

11, 07, 2018 (16:42:23): Finished writing C:\Users\EKUStudent\Desktop\ActivityDiagram\ActivityDiagram_rpy\filesTable.dat on Wednesday, November 07, 2018 (16:42:23)

11, 07, 2018 (16:42:23): Creating C:\Users\EKUStudent\Desktop\ActivityDiagram\ActivityDiagram_rpy\Default.sbs
11, 07, 2018 (16:42:23): 
Started writing C:\Users\EKUStudent\Desktop\ActivityDiagram\ActivityDiagram_rpy\Default.sbs on Wednesday, November 07, 2018 (16:42:23)

11, 07, 2018 (16:42:23): version 8.5.2
11, 07, 2018 (16:42:23): Finished writing C:\Users\EKUStudent\Desktop\ActivityDiagram\ActivityDiagram_rpy\Default.sbs on Wednesday, November 07, 2018 (16:42:23)

11, 07, 2018 (16:42:23): Finished writing C:\Users\EKUStudent\Desktop\ActivityDiagram\ActivityDiagram.rpy on Wednesday, November 07, 2018 (16:42:23)

11, 07, 2018 (16:42:23): End Log
