11, 28, 2018 (16:03:27): Opening rpy file C:\Program Files (x86)\IBM\Rational\Rhapsody Modeler\7.5\Share\Properties\PredefinedTypes.sbs
11, 28, 2018 (16:03:27): 
 Started loading C:\Program Files (x86)\IBM\Rational\Rhapsody Modeler\7.5\Share\Properties\PredefinedTypes.sbs on Wednesday, November 28, 2018 (16:03:27).-

11, 28, 2018 (16:03:27): 

Starting inUnit resolution phase


11, 28, 2018 (16:03:27): 

Finished inUnit resolution phase


11, 28, 2018 (16:03:27): 
 Finished loading C:\Program Files (x86)\IBM\Rational\Rhapsody Modeler\7.5\Share\Properties\PredefinedTypes.sbs on Wednesday, November 28, 2018 (16:03:27).-

11, 28, 2018 (16:03:27): Opening rpy file C:\Program Files (x86)\IBM\Rational\Rhapsody Modeler\7.5\Share\Properties\PredefinedTypesC++.sbs
11, 28, 2018 (16:03:27): 
 Started loading C:\Program Files (x86)\IBM\Rational\Rhapsody Modeler\7.5\Share\Properties\PredefinedTypesC++.sbs on Wednesday, November 28, 2018 (16:03:27).-

11, 28, 2018 (16:03:27): 

Starting inUnit resolution phase


11, 28, 2018 (16:03:27): 

Finished inUnit resolution phase


11, 28, 2018 (16:03:27): 
 Finished loading C:\Program Files (x86)\IBM\Rational\Rhapsody Modeler\7.5\Share\Properties\PredefinedTypesC++.sbs on Wednesday, November 28, 2018 (16:03:27).-

11, 28, 2018 (16:03:27): Opening rpy file C:\Users\EKUStudent\Desktop\Activity Diagram Complete - DescFriendly\Attempt\ActivityDiagram\ActivityDiagram.rpy
11, 28, 2018 (16:03:27): 
 Started loading C:\Users\EKUStudent\Desktop\Activity Diagram Complete - DescFriendly\Attempt\ActivityDiagram\ActivityDiagram.rpy on Wednesday, November 28, 2018 (16:03:27).-

11, 28, 2018 (16:03:27): Opening rpy file C:\Users\EKUStudent\Desktop\Activity Diagram Complete - DescFriendly\Attempt\ActivityDiagram\ActivityDiagram_rpy\Default.sbs
11, 28, 2018 (16:03:27): 
 Started loading C:\Users\EKUStudent\Desktop\Activity Diagram Complete - DescFriendly\Attempt\ActivityDiagram\ActivityDiagram_rpy\Default.sbs on Wednesday, November 28, 2018 (16:03:27).-

11, 28, 2018 (16:03:27): 

Starting inUnit resolution phase


11, 28, 2018 (16:03:27): 

Finished inUnit resolution phase


11, 28, 2018 (16:03:27): 
 Finished loading C:\Users\EKUStudent\Desktop\Activity Diagram Complete - DescFriendly\Attempt\ActivityDiagram\ActivityDiagram_rpy\Default.sbs on Wednesday, November 28, 2018 (16:03:27).-

11, 28, 2018 (16:03:27): Opening rpy file C:\Users\EKUStudent\Desktop\Activity Diagram Complete - DescFriendly\Attempt\ActivityDiagram\ActivityDiagram_rpy\DefaultComponent.cmp
11, 28, 2018 (16:03:27): 
 Started loading C:\Users\EKUStudent\Desktop\Activity Diagram Complete - DescFriendly\Attempt\ActivityDiagram\ActivityDiagram_rpy\DefaultComponent.cmp on Wednesday, November 28, 2018 (16:03:27).-

11, 28, 2018 (16:03:27): 

Starting inUnit resolution phase


11, 28, 2018 (16:03:27): 

Finished inUnit resolution phase


11, 28, 2018 (16:03:27): 
 Finished loading C:\Users\EKUStudent\Desktop\Activity Diagram Complete - DescFriendly\Attempt\ActivityDiagram\ActivityDiagram_rpy\DefaultComponent.cmp on Wednesday, November 28, 2018 (16:03:27).-

11, 28, 2018 (16:03:27): 

Starting inUnit resolution phase


11, 28, 2018 (16:03:27): 

Finished inUnit resolution phase


11, 28, 2018 (16:03:27): 

Starting inUnit resolution phase


11, 28, 2018 (16:03:27): 

Finished inUnit resolution phase


11, 28, 2018 (16:03:27): 

Starting inUnit resolution phase


11, 28, 2018 (16:03:27): 

Finished inUnit resolution phase


11, 28, 2018 (16:03:27): 
 Finished loading C:\Users\EKUStudent\Desktop\Activity Diagram Complete - DescFriendly\Attempt\ActivityDiagram\ActivityDiagram.rpy on Wednesday, November 28, 2018 (16:03:27).-

11, 28, 2018 (16:03:27): Starting checks of EventsBaseID conflicts
11, 28, 2018 (16:03:27): Finished checks of EventsBaseID conflicts
11, 28, 2018 (16:03:27): End Log
