11, 28, 2018 (16:21:36): Starting Pre-Save actions

11, 28, 2018 (16:21:36): Starting Dialogs Check/Save
11, 28, 2018 (16:21:36): Finished Dialogs Check/Save
11, 28, 2018 (16:21:36): Starting Controlled Files Resolution
11, 28, 2018 (16:21:36): Finished Controlled Files Resolution
11, 28, 2018 (16:21:36): Finished Pre-Save actions

11, 28, 2018 (16:21:36): Creating C:\Users\EKUStudent\Desktop\Activity Diagram Complete - DescFriendly\Attempt\ActivityDiagram\ActivityDiagram.rpy
11, 28, 2018 (16:21:36): 
Started writing C:\Users\EKUStudent\Desktop\Activity Diagram Complete - DescFriendly\Attempt\ActivityDiagram\ActivityDiagram.rpy on Wednesday, November 28, 2018 (16:21:36)

11, 28, 2018 (16:21:36): version 8.5.2
11, 28, 2018 (16:21:36): 
Started writing C:\Users\EKUStudent\Desktop\Activity Diagram Complete - DescFriendly\Attempt\ActivityDiagram\ActivityDiagram_rpy\filesTable.dat on Wednesday, November 28, 2018 (16:21:36)

11, 28, 2018 (16:21:36): Finished writing C:\Users\EKUStudent\Desktop\Activity Diagram Complete - DescFriendly\Attempt\ActivityDiagram\ActivityDiagram_rpy\filesTable.dat on Wednesday, November 28, 2018 (16:21:36)

11, 28, 2018 (16:21:36): Creating C:\Users\EKUStudent\Desktop\Activity Diagram Complete - DescFriendly\Attempt\ActivityDiagram\ActivityDiagram_rpy\Default.sbs
11, 28, 2018 (16:21:36): 
Started writing C:\Users\EKUStudent\Desktop\Activity Diagram Complete - DescFriendly\Attempt\ActivityDiagram\ActivityDiagram_rpy\Default.sbs on Wednesday, November 28, 2018 (16:21:36)

11, 28, 2018 (16:21:36): version 8.5.2
11, 28, 2018 (16:21:36): Finished writing C:\Users\EKUStudent\Desktop\Activity Diagram Complete - DescFriendly\Attempt\ActivityDiagram\ActivityDiagram_rpy\Default.sbs on Wednesday, November 28, 2018 (16:21:36)

11, 28, 2018 (16:21:36): Creating C:\Users\EKUStudent\Desktop\Activity Diagram Complete - DescFriendly\Attempt\ActivityDiagram\ActivityDiagram_rpy\DefaultComponent.cmp
11, 28, 2018 (16:21:36): 
Started writing C:\Users\EKUStudent\Desktop\Activity Diagram Complete - DescFriendly\Attempt\ActivityDiagram\ActivityDiagram_rpy\DefaultComponent.cmp on Wednesday, November 28, 2018 (16:21:36)

11, 28, 2018 (16:21:36): version 8.5.2
11, 28, 2018 (16:21:36): Finished writing C:\Users\EKUStudent\Desktop\Activity Diagram Complete - DescFriendly\Attempt\ActivityDiagram\ActivityDiagram_rpy\DefaultComponent.cmp on Wednesday, November 28, 2018 (16:21:36)

11, 28, 2018 (16:21:36): Finished writing C:\Users\EKUStudent\Desktop\Activity Diagram Complete - DescFriendly\Attempt\ActivityDiagram\ActivityDiagram.rpy on Wednesday, November 28, 2018 (16:21:36)

11, 28, 2018 (16:21:36): End Log
