10, 28, 2018 (18:26:12): Opening rpy file C:\Program Files (x86)\IBM\Rational\Rhapsody Modeler\7.5\Share\Properties\PredefinedTypes.sbs
10, 28, 2018 (18:26:12): 
 Started loading C:\Program Files (x86)\IBM\Rational\Rhapsody Modeler\7.5\Share\Properties\PredefinedTypes.sbs on Sunday, October 28, 2018 (18:26:12).-

10, 28, 2018 (18:26:12): 

Starting inUnit resolution phase


10, 28, 2018 (18:26:12): 

Finished inUnit resolution phase


10, 28, 2018 (18:26:12): 
 Finished loading C:\Program Files (x86)\IBM\Rational\Rhapsody Modeler\7.5\Share\Properties\PredefinedTypes.sbs on Sunday, October 28, 2018 (18:26:12).-

10, 28, 2018 (18:26:12): Opening rpy file C:\Program Files (x86)\IBM\Rational\Rhapsody Modeler\7.5\Share\Properties\PredefinedTypesC++.sbs
10, 28, 2018 (18:26:12): 
 Started loading C:\Program Files (x86)\IBM\Rational\Rhapsody Modeler\7.5\Share\Properties\PredefinedTypesC++.sbs on Sunday, October 28, 2018 (18:26:12).-

10, 28, 2018 (18:26:12): 

Starting inUnit resolution phase


10, 28, 2018 (18:26:12): 

Finished inUnit resolution phase


10, 28, 2018 (18:26:12): 
 Finished loading C:\Program Files (x86)\IBM\Rational\Rhapsody Modeler\7.5\Share\Properties\PredefinedTypesC++.sbs on Sunday, October 28, 2018 (18:26:12).-

10, 28, 2018 (18:26:12): Opening rpy file C:\Users\sdean\Desktop\CSC 440\Team Project\StateDiagram\StateDiagram.rpy
10, 28, 2018 (18:26:12): 
 Started loading C:\Users\sdean\Desktop\CSC 440\Team Project\StateDiagram\StateDiagram.rpy on Sunday, October 28, 2018 (18:26:12).-

10, 28, 2018 (18:26:12): Opening rpy file C:\Users\sdean\Desktop\CSC 440\Team Project\StateDiagram\StateDiagram_rpy\Default.sbs
10, 28, 2018 (18:26:12): 
 Started loading C:\Users\sdean\Desktop\CSC 440\Team Project\StateDiagram\StateDiagram_rpy\Default.sbs on Sunday, October 28, 2018 (18:26:12).-

10, 28, 2018 (18:26:12): 

Starting inUnit resolution phase


10, 28, 2018 (18:26:12): 

Finished inUnit resolution phase


10, 28, 2018 (18:26:12): 
 Finished loading C:\Users\sdean\Desktop\CSC 440\Team Project\StateDiagram\StateDiagram_rpy\Default.sbs on Sunday, October 28, 2018 (18:26:12).-

10, 28, 2018 (18:26:12): Opening rpy file C:\Users\sdean\Desktop\CSC 440\Team Project\StateDiagram\StateDiagram_rpy\DefaultComponent.cmp
10, 28, 2018 (18:26:12): 
 Started loading C:\Users\sdean\Desktop\CSC 440\Team Project\StateDiagram\StateDiagram_rpy\DefaultComponent.cmp on Sunday, October 28, 2018 (18:26:12).-

10, 28, 2018 (18:26:12): 

Starting inUnit resolution phase


10, 28, 2018 (18:26:12): 

Finished inUnit resolution phase


10, 28, 2018 (18:26:12): 
 Finished loading C:\Users\sdean\Desktop\CSC 440\Team Project\StateDiagram\StateDiagram_rpy\DefaultComponent.cmp on Sunday, October 28, 2018 (18:26:12).-

10, 28, 2018 (18:26:12): 

Starting inUnit resolution phase


10, 28, 2018 (18:26:12): 

Finished inUnit resolution phase


10, 28, 2018 (18:26:12): 

Starting inUnit resolution phase


10, 28, 2018 (18:26:12): 

Finished inUnit resolution phase


10, 28, 2018 (18:26:12): 

Starting inUnit resolution phase


10, 28, 2018 (18:26:12): 

Finished inUnit resolution phase


10, 28, 2018 (18:26:12): 
 Finished loading C:\Users\sdean\Desktop\CSC 440\Team Project\StateDiagram\StateDiagram.rpy on Sunday, October 28, 2018 (18:26:12).-

10, 28, 2018 (18:26:12): Starting checks of EventsBaseID conflicts
10, 28, 2018 (18:26:12): Finished checks of EventsBaseID conflicts
10, 28, 2018 (18:26:12): End Log
