10, 28, 2018 (23:03:36): Starting Pre-Save actions

10, 28, 2018 (23:03:36): Starting Dialogs Check/Save
10, 28, 2018 (23:03:36): Finished Dialogs Check/Save
10, 28, 2018 (23:03:36): Starting Controlled Files Resolution
10, 28, 2018 (23:03:36): Finished Controlled Files Resolution
10, 28, 2018 (23:03:36): Finished Pre-Save actions

10, 28, 2018 (23:03:36): Creating C:\Users\sdean\Desktop\CSC 440\Team Project\StateDiagram\StateDiagram.rpy
10, 28, 2018 (23:03:36): 
Started writing C:\Users\sdean\Desktop\CSC 440\Team Project\StateDiagram\StateDiagram.rpy on Sunday, October 28, 2018 (23:03:36)

10, 28, 2018 (23:03:36): version 8.5.2
10, 28, 2018 (23:03:36): 
Started writing C:\Users\sdean\Desktop\CSC 440\Team Project\StateDiagram\StateDiagram_rpy\filesTable.dat on Sunday, October 28, 2018 (23:03:36)

10, 28, 2018 (23:03:36): Finished writing C:\Users\sdean\Desktop\CSC 440\Team Project\StateDiagram\StateDiagram_rpy\filesTable.dat on Sunday, October 28, 2018 (23:03:36)

10, 28, 2018 (23:03:36): Creating C:\Users\sdean\Desktop\CSC 440\Team Project\StateDiagram\StateDiagram_rpy\Default.sbs
10, 28, 2018 (23:03:36): 
Started writing C:\Users\sdean\Desktop\CSC 440\Team Project\StateDiagram\StateDiagram_rpy\Default.sbs on Sunday, October 28, 2018 (23:03:36)

10, 28, 2018 (23:03:36): version 8.5.2
10, 28, 2018 (23:03:36): Finished writing C:\Users\sdean\Desktop\CSC 440\Team Project\StateDiagram\StateDiagram_rpy\Default.sbs on Sunday, October 28, 2018 (23:03:36)

10, 28, 2018 (23:03:36): Creating C:\Users\sdean\Desktop\CSC 440\Team Project\StateDiagram\StateDiagram_rpy\DefaultComponent.cmp
10, 28, 2018 (23:03:36): 
Started writing C:\Users\sdean\Desktop\CSC 440\Team Project\StateDiagram\StateDiagram_rpy\DefaultComponent.cmp on Sunday, October 28, 2018 (23:03:36)

10, 28, 2018 (23:03:36): version 8.5.2
10, 28, 2018 (23:03:36): Finished writing C:\Users\sdean\Desktop\CSC 440\Team Project\StateDiagram\StateDiagram_rpy\DefaultComponent.cmp on Sunday, October 28, 2018 (23:03:36)

10, 28, 2018 (23:03:36): Finished writing C:\Users\sdean\Desktop\CSC 440\Team Project\StateDiagram\StateDiagram.rpy on Sunday, October 28, 2018 (23:03:36)

10, 28, 2018 (23:03:36): End Log
